[2021-03-09 15:42:55,424] | Kiwoom  > 매수전략 변경 : simpleBuy
[2021-03-09 15:42:56,127] | Kiwoom  > 매매전략 변경 : simpleSell
[2021-03-09 15:43:01,416] | Kiwoom  > 매수전략 변경 : simpleBuy
[2021-03-09 15:43:06,941] | Kiwoom  > 로그인 시도
[2021-03-09 15:44:29,638] | Kiwoom  > 매수전략 변경 : simpleBuy
[2021-03-09 15:44:30,267] | Kiwoom  > 매매전략 변경 : simpleSell
[2021-03-09 15:44:33,001] | Kiwoom  > 로그인 시도
[2021-03-09 15:44:48,727] | Kiwoom  > 사용자정보교환실패
[2021-03-09 15:44:48,731] | Kiwoom  > state 변경 : 에러 비정상종료
[2021-03-09 15:44:48,753] | Kiwoom  > 통신연결종료
[2021-03-09 15:44:48,753] | Kiwoom  > state 변경 : 에러 비정상종료
[2021-03-09 15:44:48,801] | Kiwoom  > 통신연결종료
[2021-03-09 15:44:48,801] | Kiwoom  > state 변경 : 에러 비정상종료
[2021-03-09 15:44:55,384] | Kiwoom  > state 변경 : 정지
[2021-03-09 15:52:41,077] | Kiwoom  > 매수전략 변경 : simpleBuy
[2021-03-09 15:52:41,732] | Kiwoom  > 매매전략 변경 : simpleSell
[2021-03-09 15:52:45,166] | Kiwoom  > 로그인 시도
[2021-03-09 15:52:57,046] | Kiwoom  > 사용자정보교환실패
[2021-03-09 15:52:57,047] | Kiwoom  > state 변경 : 에러 비정상종료
[2021-03-09 15:52:57,078] | Kiwoom  > 통신연결종료
[2021-03-09 15:52:57,078] | Kiwoom  > state 변경 : 에러 비정상종료
[2021-03-09 15:52:57,147] | Kiwoom  > 통신연결종료
[2021-03-09 15:52:57,148] | Kiwoom  > state 변경 : 에러 비정상종료
[2021-03-09 15:54:42,172] | Kiwoom  > 로그인 시도
[2021-03-09 15:54:50,588] | Kiwoom  > 정상처리
[2021-03-09 15:54:50,589] | Kiwoom  > state 변경 : 준비중(로그인완료)
[2021-03-09 16:06:31,175] | Kiwoom  > 매수전략 변경 : simpleBuy
[2021-03-09 16:06:31,817] | Kiwoom  > 매매전략 변경 : simpleSell
[2021-03-09 16:19:48,337] | Kiwoom  > 매수전략 변경 : simpleBuy
[2021-03-09 16:19:48,984] | Kiwoom  > 매매전략 변경 : simpleSell
[2021-03-09 16:19:52,773] | Kiwoom  > 로그인 시도
[2021-03-09 16:20:09,752] | Kiwoom  > 사용자정보교환실패
[2021-03-09 16:20:09,753] | Kiwoom  > state 변경 : 에러 비정상종료
[2021-03-09 16:20:09,774] | Kiwoom  > 통신연결종료
[2021-03-09 16:20:09,775] | Kiwoom  > state 변경 : 에러 비정상종료
[2021-03-09 16:20:09,821] | Kiwoom  > 통신연결종료
[2021-03-09 16:20:09,821] | Kiwoom  > state 변경 : 에러 비정상종료
[2021-03-09 16:20:15,238] | Kiwoom  > state 변경 : 정지
[2021-03-09 16:20:20,487] | Kiwoom  > 로그인 시도
[2021-03-09 16:20:33,687] | Kiwoom  > 정상처리
[2021-03-09 16:20:33,688] | Kiwoom  > state 변경 : 준비중(로그인완료)
[2021-03-09 16:21:18,535] | Kiwoom  > state 변경 : 동작중
[2021-03-09 16:21:22,759] | Kiwoom  > state 변경 : 정지
[2021-03-09 16:21:25,722] | Kiwoom  > 로그인 시도
[2021-03-09 16:21:34,680] | Kiwoom  > 정상처리
[2021-03-09 16:21:34,681] | Kiwoom  > state 변경 : 준비중(로그인완료)
[2021-03-09 16:21:36,285] | Kiwoom  > state 변경 : 동작중
[2021-03-09 16:21:36,291] | Kiwoom  > buy Type : SimpleBuy 실행
[2021-03-09 16:21:36,291] | Kiwoom  > sell Type : SimpleSell 실행
[2021-03-09 16:21:38,798] | Kiwoom  > state 변경 : 준비중(로그인완료)
[2021-03-09 16:22:29,430] | Kiwoom  > state 변경 : 동작중
[2021-03-09 16:22:32,877] | Kiwoom  > state 변경 : 준비중(로그인완료)
[2021-03-09 16:22:34,611] | Kiwoom  > Stop 후 변경 : 현재상태준비중(로그인완료)
[2021-03-09 16:22:36,579] | Kiwoom  > Stop 후 변경 : 현재상태준비중(로그인완료)
